{
  "stats": {
    "suites": 1,
    "tests": 1,
    "passes": 1,
    "pending": 0,
    "failures": 0,
    "start": "2022-07-04T08:42:18.985Z",
    "end": "2022-07-04T08:43:08.933Z",
    "duration": 49948,
    "testsRegistered": 1,
    "passPercent": 100,
    "pendingPercent": 0,
    "other": 0,
    "hasOther": false,
    "skipped": 0,
    "hasSkipped": false
  },
  "results": [
    {
      "uuid": "f527564c-f643-492a-944f-5b8c7edb65c1",
      "title": "",
      "fullFile": "cypress/integration/Centralized library/Centralized library by clicking.feature",
      "file": "cypress/integration/Centralized library/Centralized library by clicking.feature",
      "beforeHooks": [],
      "afterHooks": [],
      "tests": [],
      "suites": [
        {
          "uuid": "118bddd7-fcfc-4fa0-aa6e-fdfdc3e14328",
          "title": "Musala Automation Test",
          "fullFile": "",
          "file": "",
          "beforeHooks": [],
          "afterHooks": [],
          "tests": [
            {
              "title": "Test Case 4",
              "fullTitle": "Musala Automation Test Test Case 4",
              "timedOut": null,
              "duration": 49056,
              "state": "passed",
              "speed": "slow",
              "pass": true,
              "fail": false,
              "pending": false,
              "context": null,
              "code": "const state = window.testState;\nreturn cy\n  .then(() => state.onStartScenario(scenario, indexedSteps))\n  .then(() =>\n    resolveAndRunBeforeHooks.call(this, scenario.tags, state.feature.name)\n  )\n  .then(() =>\n    indexedSteps.forEach((step) =>\n      stepTest.call(this, state, step, rowData)\n    )\n  )\n  .then(() => state.onFinishScenario(scenario));",
              "err": {},
              "uuid": "993e3301-47f2-4620-afe1-a3156d4f49ab",
              "parentUUID": "118bddd7-fcfc-4fa0-aa6e-fdfdc3e14328",
              "isHook": false,
              "skipped": false
            }
          ],
          "suites": [],
          "passes": [
            "993e3301-47f2-4620-afe1-a3156d4f49ab"
          ],
          "failures": [],
          "pending": [],
          "skipped": [],
          "duration": 49056,
          "root": false,
          "rootEmpty": false,
          "_timeout": 2000
        }
      ],
      "passes": [],
      "failures": [],
      "pending": [],
      "skipped": [],
      "duration": 0,
      "root": true,
      "rootEmpty": true,
      "_timeout": 2000
    }
  ],
  "meta": {
    "mocha": {
      "version": "7.0.1"
    },
    "mochawesome": {
      "options": {
        "quiet": false,
        "reportFilename": "mochawesome",
        "saveHtml": true,
        "saveJson": true,
        "consoleReporter": "spec",
        "useInlineDiffs": false,
        "code": true
      },
      "version": "7.1.3"
    },
    "marge": {
      "options": null,
      "version": "6.2.0"
    }
  }
}